[debug] [2021-06-04T18:28:51.409Z] ----------------------------------------------------------------------
[debug] [2021-06-04T18:28:51.414Z] Command:       C:\Program Files\nodejs\node.exe C:\Users\bryan\AppData\Roaming\npm\node_modules\firebase-tools\lib\bin\firebase.js init
[debug] [2021-06-04T18:28:51.415Z] CLI Version:   9.12.1
[debug] [2021-06-04T18:28:51.415Z] Platform:      win32
[debug] [2021-06-04T18:28:51.415Z] Node Version:  v14.15.4
[debug] [2021-06-04T18:28:51.417Z] Time:          Fri Jun 04 2021 13:28:51 GMT-0500 (Colombia Standard Time)
[debug] [2021-06-04T18:28:51.417Z] ----------------------------------------------------------------------
[debug] 
[debug] [2021-06-04T18:28:51.434Z] > command requires scopes: ["email","openid","https://www.googleapis.com/auth/cloudplatformprojects.readonly","https://www.googleapis.com/auth/firebase","https://www.googleapis.com/auth/cloud-platform"]
[debug] [2021-06-04T18:28:51.434Z] > authorizing via signed-in user (thomas.bryan45000@gmail.com)
[info] 
     ######## #### ########  ######## ########     ###     ######  ########
     ##        ##  ##     ## ##       ##     ##  ##   ##  ##       ##
     ######    ##  ########  ######   ########  #########  ######  ######
     ##        ##  ##    ##  ##       ##     ## ##     ##       ## ##
     ##       #### ##     ## ######## ########  ##     ##  ######  ########

You're about to initialize a Firebase project in this directory:

  C:\Projects\UTP\IA\text-extraction-app

Before we get started, keep in mind:

  * You are currently outside your home directory
  * You are initializing in an existing Firebase project directory

